<?xml version="1.0" encoding="UTF-8"?>
<testng-results ignored="0" total="3" passed="3" failed="0" skipped="0">
  <reporter-output>
  </reporter-output>
  <suite started-at="2021-04-07T11:28:49 IST" name="Default suite" finished-at="2021-04-07T11:28:56 IST" duration-ms="7659">
    <groups>
    </groups>
    <test started-at="2021-04-07T11:28:49 IST" name="Default test" finished-at="2021-04-07T11:28:56 IST" duration-ms="7659">
      <class name="createLibrary.BookCreation">
        <test-method signature="BookLib(java.lang.String, java.lang.String)[pri:0, instance:createLibrary.BookCreation@159f197]" started-at="2021-04-07T11:28:49 IST" name="BookLib" data-provider="bookcollection" finished-at="2021-04-07T11:28:56 IST" duration-ms="6875" status="PASS">
          <params>
            <param index="0">
              <value>
                <![CDATA[anu]]>
              </value>
            </param>
            <param index="1">
              <value>
                <![CDATA[april10]]>
              </value>
            </param>
          </params>
          <reporter-output>
          </reporter-output>
        </test-method> <!-- BookLib -->
        <test-method signature="BookLib(java.lang.String, java.lang.String)[pri:0, instance:createLibrary.BookCreation@159f197]" started-at="2021-04-07T11:28:56 IST" name="BookLib" data-provider="bookcollection" finished-at="2021-04-07T11:28:56 IST" duration-ms="329" status="PASS">
          <params>
            <param index="0">
              <value>
                <![CDATA[nandhan]]>
              </value>
            </param>
            <param index="1">
              <value>
                <![CDATA[kundhan]]>
              </value>
            </param>
          </params>
          <reporter-output>
          </reporter-output>
        </test-method> <!-- BookLib -->
        <test-method signature="BookLib(java.lang.String, java.lang.String)[pri:0, instance:createLibrary.BookCreation@159f197]" started-at="2021-04-07T11:28:56 IST" name="BookLib" data-provider="bookcollection" finished-at="2021-04-07T11:28:56 IST" duration-ms="328" status="PASS">
          <params>
            <param index="0">
              <value>
                <![CDATA[mahesh]]>
              </value>
            </param>
            <param index="1">
              <value>
                <![CDATA[taufeeq]]>
              </value>
            </param>
          </params>
          <reporter-output>
          </reporter-output>
        </test-method> <!-- BookLib -->
      </class> <!-- createLibrary.BookCreation -->
    </test> <!-- Default test -->
  </suite> <!-- Default suite -->
</testng-results>
