<?xml version="1.0" encoding="UTF-8"?>
<!-- Generated by org.testng.reporters.JUnitXMLReporter -->
<testsuite ignored="1" hostname="DESKTOP-7GCNJAG" failures="1" tests="2" name="Test" time="56.427" errors="0" timestamp="2021-05-23T16:54:48 IST">
  <testcase classname="com.DemoCommerce.qa.TestCases.WelcomePageTest" name="LoginTest" time="7.302"/>
  <testcase classname="com.DemoCommerce.qa.TestCases.WelcomePageTest" name="getTitleTest" time="0.225">
    <failure type="java.lang.AssertionError" message="String are not same expected [Welcome, please sign in1!] but found [Welcome, please sign in!]">
      <![CDATA[java.lang.AssertionError: String are not same expected [Welcome, please sign in1!] but found [Welcome, please sign in!]
at com.DemoCommerce.qa.TestCases.WelcomePageTest.getTitleTest(WelcomePageTest.java:35)
at java.base/java.util.ArrayList.forEach(ArrayList.java:1511)
... Removed 32 stack frames]]>
    </failure>
  </testcase> <!-- getTitleTest -->
  <testcase classname="com.DemoCommerce.qa.TestCases.WelcomePageTest" name="clickSubmit" time="0.0">
    <ignored/>
  </testcase> <!-- clickSubmit -->
</testsuite> <!-- Test -->
