<?xml version="1.0" encoding="UTF-8"?>
<testng-results ignored="0" total="2" passed="2" failed="0" skipped="0">
  <reporter-output>
  </reporter-output>
  <suite started-at="2021-03-04T09:30:46 IST" name="Default suite" finished-at="2021-03-04T09:31:40 IST" duration-ms="53938">
    <groups>
    </groups>
    <test started-at="2021-03-04T09:30:46 IST" name="Default test" finished-at="2021-03-04T09:31:40 IST" duration-ms="53938">
      <class name="com.testNG.EbayHome_Sanity">
        <test-method is-config="true" signature="launch()[pri:0, instance:com.testNG.EbayHome_Sanity@4445629]" started-at="2021-03-04T09:30:46 IST" name="launch" finished-at="2021-03-04T09:31:25 IST" duration-ms="38739" status="PASS">
          <reporter-output>
          </reporter-output>
        </test-method> <!-- launch -->
        <test-method signature="empty_search_test()[pri:0, instance:com.testNG.EbayHome_Sanity@4445629]" started-at="2021-03-04T09:31:25 IST" name="empty_search_test" finished-at="2021-03-04T09:31:31 IST" duration-ms="6538" status="PASS">
          <reporter-output>
          </reporter-output>
        </test-method> <!-- empty_search_test -->
        <test-method signature="second_search_test()[pri:0, instance:com.testNG.EbayHome_Sanity@4445629]" started-at="2021-03-04T09:31:31 IST" name="second_search_test" finished-at="2021-03-04T09:31:39 IST" duration-ms="7455" status="PASS">
          <reporter-output>
          </reporter-output>
        </test-method> <!-- second_search_test -->
        <test-method is-config="true" signature="finish()[pri:0, instance:com.testNG.EbayHome_Sanity@4445629]" started-at="2021-03-04T09:31:39 IST" name="finish" finished-at="2021-03-04T09:31:40 IST" duration-ms="1093" status="PASS">
          <reporter-output>
          </reporter-output>
        </test-method> <!-- finish -->
      </class> <!-- com.testNG.EbayHome_Sanity -->
    </test> <!-- Default test -->
  </suite> <!-- Default suite -->
</testng-results>
