<?xml version="1.0" encoding="UTF-8"?>
<!-- Generated by org.testng.reporters.JUnitXMLReporter -->
<testsuite ignored="0" hostname="DESKTOP-7GCNJAG" failures="2" tests="2" name="NavigationBar" time="0.251" errors="0" timestamp="2021-05-14T10:27:57 IST">
  <testcase classname="Academy1.ValidateNavigationBar" name="checkNavigation" time="0.027">
    <failure type="java.lang.NullPointerException" message="Cannot invoke &amp;quot;String.equals(Object)&amp;quot; because &amp;quot;browserName&amp;quot; is null">
      <![CDATA[java.lang.NullPointerException: Cannot invoke "String.equals(Object)" because "browserName" is null
at resources.Base.intializebrowser(Base.java:33)
at Academy1.ValidateNavigationBar.checkNavigation(ValidateNavigationBar.java:21)
at java.base/java.util.ArrayList.forEach(ArrayList.java:1511)
... Removed 27 stack frames]]>
    </failure>
  </testcase> <!-- checkNavigation -->
  <testcase classname="Academy1.ValidateNavigationBar" name="checkNavigation" time="0.149">
    <failure type="java.lang.NullPointerException" message="Cannot invoke &amp;quot;org.openqa.selenium.TakesScreenshot.getScreenshotAs(org.openqa.selenium.OutputType)&amp;quot; because &amp;quot;ts&amp;quot; is null">
      <![CDATA[java.lang.NullPointerException: Cannot invoke "org.openqa.selenium.TakesScreenshot.getScreenshotAs(org.openqa.selenium.OutputType)" because "ts" is null
at resources.Base.getScreenShot(Base.java:55)
at Academy1.Listeners.onTestFailure(Listeners.java:40)
at java.base/java.util.ArrayList.forEach(ArrayList.java:1511)
... Removed 24 stack frames]]>
    </failure>
  </testcase> <!-- checkNavigation -->
</testsuite> <!-- NavigationBar -->
