<?xml version="1.0" encoding="UTF-8"?>
<!-- Generated by org.testng.reporters.JUnitXMLReporter -->
<testsuite ignored="0" hostname="DESKTOP-7GCNJAG" failures="1" tests="4" name="Test" time="162.159" errors="0" timestamp="2021-05-12T11:52:35 IST">
  <testcase classname="Academy1.ValidateNavigationBar" name="checkNavigation" time="30.935"/>
  <testcase classname="Academy1.ValidateTitle" name="getTitle" time="41.131">
    <failure type="java.lang.AssertionError" message="expected [FEATURED cOURSES] but found [FEATURED COURSES]">
      <![CDATA[java.lang.AssertionError: expected [FEATURED cOURSES] but found [FEATURED COURSES]
at Academy1.ValidateTitle.getTitle(ValidateTitle.java:25)
at java.base/java.util.ArrayList.forEach(ArrayList.java:1511)
... Removed 33 stack frames]]>
    </failure>
  </testcase> <!-- getTitle -->
  <testcase classname="Academy1.HomePage" name="click" time="35.842"/>
  <testcase classname="Academy1.HomePage" name="click" time="50.279"/>
</testsuite> <!-- Test -->
