<?xml version="1.0" encoding="UTF-8"?>
<!-- Generated by org.testng.reporters.JUnitXMLReporter -->
<testsuite ignored="1" hostname="DESKTOP-7GCNJAG" failures="0" tests="1" name="release 1" time="104.126" errors="0" timestamp="2021-03-02T07:16:24 IST">
  <testcase classname="com.testNG.EbayHome_Sanity" name="second_search_test" time="38.222"/>
  <testcase classname="com.testNG.EbayHome_Sanity" name="empty_search_test" time="0.0">
    <ignored/>
  </testcase> <!-- empty_search_test -->
</testsuite> <!-- release 1 -->
