<?xml version="1.0" encoding="UTF-8"?>
<!-- Generated by org.testng.reporters.JUnitXMLReporter -->
<testsuite ignored="0" hostname="DESKTOP-7GCNJAG" failures="0" tests="15" name="Test" time="0.196" errors="0" timestamp="2021-05-11T12:59:08 IST">
  <testcase classname="maven.RahulTestNGDemo.JavaPrintTest" name="java" time="0.013"/>
  <testcase classname="maven.RahulTestNGDemo.JavaPrintTest" name="javaScript" time="0.003"/>
  <testcase classname="maven.RahulTestNGDemo.JavaPrintTest" name="parameter" time="0.003"/>
  <testcase classname="maven.RahulTestNGDemo.JavaPrintTest" name="python" time="0.002"/>
  <testcase classname="maven.RahulTestNGDemo.CarPrintTest" name="ferrari" time="0.002"/>
  <testcase classname="maven.RahulTestNGDemo.CarPrintTest" name="jacquor" time="0.008"/>
  <testcase classname="maven.RahulTestNGDemo.CarPrintTest" name="lambergini" time="0.002"/>
  <testcase classname="maven.RahulTestNGDemo.TestingMethodsTest" name="regressionTest" time="0.003"/>
  <testcase classname="maven.RahulTestNGDemo.TestingMethodsTest" name="smokeTest" time="0.004"/>
  <testcase classname="maven.RahulTestNGDemo.TestingMethodsTest" name="systemTest" time="0.002"/>
  <testcase classname="maven.RahulTestNGDemo.AppiumDemoTest" name="api" time="0.003"/>
  <testcase classname="maven.RahulTestNGDemo.AppiumDemoTest" name="api" time="0.004"/>
  <testcase classname="maven.RahulTestNGDemo.AppiumDemoTest" name="api" time="0.004"/>
  <testcase classname="maven.RahulTestNGDemo.AppiumDemoTest" name="appium" time="0.001"/>
  <testcase classname="maven.RahulTestNGDemo.AppiumDemoTest" name="restApi" time="0.002"/>
</testsuite> <!-- Test -->
