<?xml version="1.0" encoding="UTF-8"?>
<!-- Generated by org.testng.reporters.JUnitXMLReporter -->
<testsuite ignored="6" hostname="DESKTOP-7GCNJAG" failures="0" tests="6" name="TypesOfTest" time="0.105" errors="0" timestamp="2021-05-08T23:06:19 IST">
  <testcase classname="maven.RahulTestNGDemo.JavaPrintTest" name="java" time="0.014"/>
  <testcase classname="maven.RahulTestNGDemo.JavaPrintTest" name="javaScript" time="0.003"/>
  <testcase classname="maven.RahulTestNGDemo.JavaPrintTest" name="python" time="0.003"/>
  <testcase classname="maven.RahulTestNGDemo.AppiumDemoTest" name="api" time="0.001"/>
  <testcase classname="maven.RahulTestNGDemo.AppiumDemoTest" name="appium" time="0.002"/>
  <testcase classname="maven.RahulTestNGDemo.AppiumDemoTest" name="restApi" time="0.003"/>
  <testcase classname="maven.RahulTestNGDemo.CarPrintTest" name="ferrari" time="0.0">
    <ignored/>
  </testcase> <!-- ferrari -->
  <testcase classname="maven.RahulTestNGDemo.CarPrintTest" name="jacquor" time="0.0">
    <ignored/>
  </testcase> <!-- jacquor -->
  <testcase classname="maven.RahulTestNGDemo.TestingMethodsTest" name="systemTest" time="0.0">
    <ignored/>
  </testcase> <!-- systemTest -->
  <testcase classname="maven.RahulTestNGDemo.TestingMethodsTest" name="regressionTest" time="0.0">
    <ignored/>
  </testcase> <!-- regressionTest -->
  <testcase classname="maven.RahulTestNGDemo.TestingMethodsTest" name="smokeTest" time="0.0">
    <ignored/>
  </testcase> <!-- smokeTest -->
  <testcase classname="maven.RahulTestNGDemo.CarPrintTest" name="lambergini" time="0.0">
    <ignored/>
  </testcase> <!-- lambergini -->
</testsuite> <!-- TypesOfTest -->
