<?xml version="1.0" encoding="UTF-8"?>
<!-- Generated by org.testng.reporters.JUnitXMLReporter -->
<testsuite ignored="0" hostname="DESKTOP-7GCNJAG" failures="0" tests="5" name="Default test" time="0.096" errors="0" timestamp="2021-05-09T16:10:08 IST">
  <testcase classname="maven.RahulTestNGDemo.AppiumDemoTest" name="api" time="0.009"/>
  <testcase classname="maven.RahulTestNGDemo.AppiumDemoTest" name="api" time="0.002"/>
  <testcase classname="maven.RahulTestNGDemo.AppiumDemoTest" name="api" time="0.002"/>
  <testcase classname="maven.RahulTestNGDemo.AppiumDemoTest" name="appium" time="0.003"/>
  <testcase classname="maven.RahulTestNGDemo.AppiumDemoTest" name="restApi" time="0.004"/>
</testsuite> <!-- Default test -->
