<?xml version="1.0" encoding="UTF-8"?>
<testng-results ignored="0" total="2" passed="2" failed="0" skipped="0">
  <reporter-output>
  </reporter-output>
  <suite started-at="2021-06-18T19:39:05 IST" name="Default suite" finished-at="2021-06-18T19:39:06 IST" duration-ms="1201">
    <groups>
    </groups>
    <test started-at="2021-06-18T19:39:05 IST" name="Default test" finished-at="2021-06-18T19:39:06 IST" duration-ms="1201">
      <class name="com.DataDrivenExcel.GetExcelHashMap">
        <test-method signature="displayExcelData(java.util.Map)[pri:0, instance:com.DataDrivenExcel.GetExcelHashMap@2f177a4b]" started-at="2021-06-18T19:39:06 IST" name="displayExcelData" data-provider="ExcelData" finished-at="2021-06-18T19:39:06 IST" duration-ms="9" status="PASS">
          <params>
            <param index="0">
              <value>
                <![CDATA[{Gender=kart, Address=part, Date=mart, Name=dart}]]>
              </value>
            </param>
          </params>
          <reporter-output>
          </reporter-output>
        </test-method> <!-- displayExcelData -->
        <test-method signature="displayExcelData(java.util.Map)[pri:0, instance:com.DataDrivenExcel.GetExcelHashMap@2f177a4b]" started-at="2021-06-18T19:39:06 IST" name="displayExcelData" data-provider="ExcelData" finished-at="2021-06-18T19:39:06 IST" duration-ms="2" status="PASS">
          <params>
            <param index="0">
              <value>
                <![CDATA[{Gender=cart, Address=fart, Date=thort, Name=sort}]]>
              </value>
            </param>
          </params>
          <reporter-output>
          </reporter-output>
        </test-method> <!-- displayExcelData -->
      </class> <!-- com.DataDrivenExcel.GetExcelHashMap -->
    </test> <!-- Default test -->
  </suite> <!-- Default suite -->
</testng-results>
