<?xml version="1.0" encoding="UTF-8"?>
<!-- Generated by org.testng.reporters.JUnitXMLReporter -->
<testsuite ignored="0" hostname="DESKTOP-7GCNJAG" failures="0" tests="4" name="Test" time="32.499" errors="0" timestamp="2021-05-22T13:17:04 IST">
  <testcase classname="com.demoLogin.qa.testcases.LoginPageTest" name="loginDataTest" time="2.066"/>
  <testcase classname="com.demoLogin.qa.testcases.LoginPageTest" name="loginDataTest" time="2.404"/>
  <testcase classname="com.demoLogin.qa.testcases.LoginPageTest" name="loginDataTest" time="2.025"/>
  <testcase classname="com.demoLogin.qa.testcases.LoginPageTest" name="loginDataTest" time="1.139"/>
</testsuite> <!-- Test -->
