<?xml version="1.0" encoding="UTF-8"?>
<testng-results ignored="2" total="2" passed="0" failed="0" skipped="0">
  <reporter-output>
    <line>
      <![CDATA[This is BeforeSuite]]>
    </line>
    <line>
      <![CDATA[This is BeforeTest]]>
    </line>
    <line>
      <![CDATA[This is AfterTest]]>
    </line>
    <line>
      <![CDATA[This is AfterSuite]]>
    </line>
  </reporter-output>
  <suite started-at="2021-08-12T13:32:03 IST" name="Default suite" finished-at="2021-08-12T13:32:03 IST" duration-ms="14">
    <groups>
    </groups>
    <test started-at="2021-08-12T13:32:03 IST" name="Default test" finished-at="2021-08-12T13:32:03 IST" duration-ms="14">
      <class name="com.TestNGxml.TestNGMethods">
        <test-method is-config="true" signature="suite()[pri:0, instance:com.TestNGxml.TestNGMethods@75f32542]" started-at="2021-08-12T13:32:03 IST" name="suite" finished-at="2021-08-12T13:32:03 IST" duration-ms="13" status="PASS">
          <reporter-output>
            <line>
              <![CDATA[This is BeforeSuite]]>
            </line>
          </reporter-output>
        </test-method> <!-- suite -->
        <test-method is-config="true" signature="beforetest()[pri:0, instance:com.TestNGxml.TestNGMethods@75f32542]" started-at="2021-08-12T13:32:03 IST" name="beforetest" finished-at="2021-08-12T13:32:03 IST" duration-ms="1" status="PASS">
          <reporter-output>
            <line>
              <![CDATA[This is BeforeTest]]>
            </line>
          </reporter-output>
        </test-method> <!-- beforetest -->
        <test-method is-config="true" signature="aftertest()[pri:0, instance:com.TestNGxml.TestNGMethods@75f32542]" started-at="2021-08-12T13:32:03 IST" name="aftertest" finished-at="2021-08-12T13:32:03 IST" duration-ms="1" status="PASS">
          <reporter-output>
            <line>
              <![CDATA[This is AfterTest]]>
            </line>
          </reporter-output>
        </test-method> <!-- aftertest -->
        <test-method is-config="true" signature="aftersuite()[pri:0, instance:com.TestNGxml.TestNGMethods@75f32542]" started-at="2021-08-12T13:32:03 IST" name="aftersuite" finished-at="2021-08-12T13:32:03 IST" duration-ms="1" status="PASS">
          <reporter-output>
            <line>
              <![CDATA[This is AfterSuite]]>
            </line>
          </reporter-output>
        </test-method> <!-- aftersuite -->
      </class> <!-- com.TestNGxml.TestNGMethods -->
    </test> <!-- Default test -->
  </suite> <!-- Default suite -->
</testng-results>
