<?xml version="1.0" encoding="UTF-8"?>
<testng-results ignored="0" total="1" passed="1" failed="0" skipped="0">
  <reporter-output>
  </reporter-output>
  <suite started-at="2021-05-19T20:40:29 IST" name="Default suite" finished-at="2021-05-19T20:40:30 IST" duration-ms="942">
    <groups>
    </groups>
    <test started-at="2021-05-19T20:40:29 IST" name="Default test" finished-at="2021-05-19T20:40:30 IST" duration-ms="942">
      <class name="com.qaacademy.qa.TestCases.HomePageTest">
        <test-method signature="getExcelData()[pri:0, instance:com.qaacademy.qa.TestCases.HomePageTest@12d4bf7e]" started-at="2021-05-19T20:40:29 IST" name="getExcelData" finished-at="2021-05-19T20:40:30 IST" duration-ms="895" status="PASS">
          <reporter-output>
          </reporter-output>
        </test-method> <!-- getExcelData -->
      </class> <!-- com.qaacademy.qa.TestCases.HomePageTest -->
    </test> <!-- Default test -->
  </suite> <!-- Default suite -->
</testng-results>
