<?xml version="1.0" encoding="UTF-8"?>
<!-- Generated by org.testng.reporters.JUnitXMLReporter -->
<testsuite ignored="0" hostname="DESKTOP-7GCNJAG" failures="1" tests="1" name="Test" time="0.238" errors="0" timestamp="2021-04-16T11:44:50 IST">
  <testcase classname="com.pdf.compare.DynamicFilePath" name="display" time="0.0">
    <failure type="org.testng.TestNGException" message="
Data Provider public static void com.pdf.compare.DynamicFilePath.CountFiles() returned a null value">
      <![CDATA[org.testng.TestNGException: 
Data Provider public static void com.pdf.compare.DynamicFilePath.CountFiles() returned a null value
at java.base/java.util.ArrayList.forEach(ArrayList.java:1511)
... Removed 24 stack frames]]>
    </failure>
  </testcase> <!-- display -->
</testsuite> <!-- Test -->
