<?xml version="1.0" encoding="UTF-8"?>
<!-- Generated by org.testng.reporters.JUnitXMLReporter -->
<testsuite ignored="0" hostname="DESKTOP-7GCNJAG" failures="0" tests="3" name="Test" time="0.132" errors="0" timestamp="2021-05-07T11:29:12 IST">
  <testcase classname="com.TestNGxml.TestngXmlCreation" name="hello" time="0.025"/>
  <testcase classname="com.TestNGxml.TestngXmlCreation" name="hello2" time="0.002"/>
  <testcase classname="com.TestNGxml.TestngXmlCreation" name="hello3" time="0.005"/>
</testsuite> <!-- Test -->
