<?xml version="1.0" encoding="UTF-8"?>
<testng-results ignored="0" total="1" passed="1" failed="0" skipped="0">
  <reporter-output>
  </reporter-output>
  <suite started-at="2021-05-17T11:32:00 IST" name="Default suite" finished-at="2021-05-17T11:32:18 IST" duration-ms="17889">
    <groups>
    </groups>
    <test started-at="2021-05-17T11:32:00 IST" name="Default test" finished-at="2021-05-17T11:32:18 IST" duration-ms="17889">
      <class name="pOMFramework.LandPageTest">
        <test-method signature="linkClick()[pri:0, instance:pOMFramework.LandPageTest@124c278f]" started-at="2021-05-17T11:32:00 IST" name="linkClick" finished-at="2021-05-17T11:32:18 IST" duration-ms="17757" status="PASS">
          <reporter-output>
          </reporter-output>
        </test-method> <!-- linkClick -->
      </class> <!-- pOMFramework.LandPageTest -->
    </test> <!-- Default test -->
  </suite> <!-- Default suite -->
</testng-results>
