<?xml version="1.0" encoding="UTF-8"?>
<!-- Generated by org.testng.reporters.JUnitXMLReporter -->
<testsuite ignored="0" hostname="DESKTOP-7GCNJAG" failures="0" tests="3" name="Default test" time="7.659" errors="0" timestamp="2021-04-07T11:28:56 IST">
  <testcase classname="createLibrary.BookCreation" name="BookLib" time="6.875"/>
  <testcase classname="createLibrary.BookCreation" name="BookLib" time="0.329"/>
  <testcase classname="createLibrary.BookCreation" name="BookLib" time="0.328"/>
</testsuite> <!-- Default test -->
