<?xml version="1.0" encoding="UTF-8"?>
<!-- Generated by org.testng.reporters.JUnitXMLReporter -->
<testsuite ignored="2" hostname="DESKTOP-7GCNJAG" failures="0" tests="0" time="0.014" errors="0" timestamp="2021-08-12T13:32:03 IST">
  <testcase classname="com.TestNGxml.TestNGMethods" name="testmethod" time="0.0">
    <ignored/>
  </testcase> <!-- testmethod -->
  <testcase classname="com.TestNGxml.TestNGMethods" name="test2method" time="0.0">
    <ignored/>
  </testcase> <!-- test2method -->
</testsuite>
