<?xml version="1.0" encoding="UTF-8"?>
<testsuite xmlns:xsi="http://www.w3.org/2001/XMLSchema-instance" xsi:noNamespaceSchemaLocation="https://maven.apache.org/surefire/maven-surefire-plugin/xsd/surefire-test-report.xsd" name="TestSuite" time="52.462" tests="4" errors="0" skipped="0" failures="0">
  <properties>
[...]
</properties>
  <testcase name="checkNavigation" classname="Academy1.ValidateNavigationBar" time="20.104"/>
  <testcase name="getTitle" classname="Academy1.ValidateTitle" time="9.304"/>
  <testcase name="click" classname="Academy1.HomePage" time="9.498"/>
  <testcase name="click" classname="Academy1.HomePage" time="9.382"/>
</testsuite>