<?xml version="1.0" encoding="UTF-8"?>
<testng-results ignored="0" total="4" passed="4" failed="0" skipped="0">
  <reporter-output>
  </reporter-output>
  <suite started-at="2021-05-12T20:42:25 IST" name="Suite" finished-at="2021-05-12T20:43:15 IST" duration-ms="49173">
    <groups>
    </groups>
    <test started-at="2021-05-12T20:42:25 IST" name="NavigationBar" finished-at="2021-05-12T20:42:46 IST" duration-ms="20584">
      <class name="Academy1.ValidateNavigationBar">
        <test-method signature="checkNavigation()[pri:0, instance:Academy1.ValidateNavigationBar@658c5a19]" started-at="2021-05-12T20:42:25 IST" name="checkNavigation" finished-at="2021-05-12T20:42:46 IST" duration-ms="20101" status="PASS">
          <reporter-output>
          </reporter-output>
        </test-method> <!-- checkNavigation -->
        <test-method is-config="true" signature="tearDown()[pri:0, instance:Academy1.ValidateNavigationBar@658c5a19]" started-at="2021-05-12T20:42:46 IST" name="tearDown" finished-at="2021-05-12T20:42:46 IST" duration-ms="440" status="PASS">
          <reporter-output>
          </reporter-output>
        </test-method> <!-- tearDown -->
      </class> <!-- Academy1.ValidateNavigationBar -->
    </test> <!-- NavigationBar -->
    <test started-at="2021-05-12T20:42:46 IST" name="Featured Course" finished-at="2021-05-12T20:42:56 IST" duration-ms="9334">
      <class name="Academy1.ValidateTitle">
        <test-method signature="getTitle()[pri:0, instance:Academy1.ValidateTitle@125290e5]" started-at="2021-05-12T20:42:46 IST" name="getTitle" finished-at="2021-05-12T20:42:56 IST" duration-ms="9305" status="PASS">
          <reporter-output>
          </reporter-output>
        </test-method> <!-- getTitle -->
        <test-method is-config="true" signature="tearDown()[pri:0, instance:Academy1.ValidateTitle@125290e5]" started-at="2021-05-12T20:42:56 IST" name="tearDown" finished-at="2021-05-12T20:42:56 IST" duration-ms="28" status="PASS">
          <reporter-output>
          </reporter-output>
        </test-method> <!-- tearDown -->
      </class> <!-- Academy1.ValidateTitle -->
    </test> <!-- Featured Course -->
    <test started-at="2021-05-12T20:42:56 IST" name="Dataprovider Login Page" finished-at="2021-05-12T20:43:15 IST" duration-ms="19006">
      <class name="Academy1.HomePage">
        <test-method signature="click(java.lang.String, java.lang.String)[pri:0, instance:Academy1.HomePage@3eb81efb]" started-at="2021-05-12T20:42:56 IST" name="click" data-provider="LoginValues" finished-at="2021-05-12T20:43:05 IST" duration-ms="9497" status="PASS">
          <params>
            <param index="0">
              <value>
                <![CDATA[ashokumar@gmail.com]]>
              </value>
            </param>
            <param index="1">
              <value>
                <![CDATA[pwdenter]]>
              </value>
            </param>
          </params>
          <reporter-output>
          </reporter-output>
        </test-method> <!-- click -->
        <test-method is-config="true" signature="teardown()[pri:0, instance:Academy1.HomePage@3eb81efb]" started-at="2021-05-12T20:43:05 IST" name="teardown" finished-at="2021-05-12T20:43:05 IST" duration-ms="74" status="PASS">
          <reporter-output>
          </reporter-output>
        </test-method> <!-- teardown -->
        <test-method signature="click(java.lang.String, java.lang.String)[pri:0, instance:Academy1.HomePage@3eb81efb]" started-at="2021-05-12T20:43:05 IST" name="click" data-provider="LoginValues" finished-at="2021-05-12T20:43:15 IST" duration-ms="9383" status="PASS">
          <params>
            <param index="0">
              <value>
                <![CDATA[anushasharma@welforce.com]]>
              </value>
            </param>
            <param index="1">
              <value>
                <![CDATA[kumaraguru]]>
              </value>
            </param>
          </params>
          <reporter-output>
          </reporter-output>
        </test-method> <!-- click -->
        <test-method is-config="true" signature="teardown()[pri:0, instance:Academy1.HomePage@3eb81efb]" started-at="2021-05-12T20:43:15 IST" name="teardown" finished-at="2021-05-12T20:43:15 IST" duration-ms="26" status="PASS">
          <reporter-output>
          </reporter-output>
        </test-method> <!-- teardown -->
      </class> <!-- Academy1.HomePage -->
    </test> <!-- Dataprovider Login Page -->
  </suite> <!-- Suite -->
</testng-results>
