<?xml version="1.0" encoding="UTF-8"?>
<testng-results ignored="0" total="4" passed="4" failed="0" skipped="0">
  <reporter-output>
  </reporter-output>
  <suite started-at="2021-05-22T13:16:31 IST" name="Suite" finished-at="2021-05-22T13:17:03 IST" duration-ms="32499">
    <groups>
    </groups>
    <test started-at="2021-05-22T13:16:31 IST" name="Test" finished-at="2021-05-22T13:17:03 IST" duration-ms="32499">
      <class name="com.demoLogin.qa.testcases.LoginPageTest">
        <test-method is-config="true" signature="setup()[pri:0, instance:com.demoLogin.qa.testcases.LoginPageTest@2f54a33d]" started-at="2021-05-22T13:16:33 IST" name="setup" finished-at="2021-05-22T13:16:41 IST" duration-ms="8668" status="PASS">
          <reporter-output>
          </reporter-output>
        </test-method> <!-- setup -->
        <test-method signature="loginDataTest(java.lang.String, java.lang.String, java.lang.String)[pri:0, instance:com.demoLogin.qa.testcases.LoginPageTest@2f54a33d]" started-at="2021-05-22T13:16:41 IST" name="loginDataTest" data-provider="logodata" finished-at="2021-05-22T13:16:43 IST" duration-ms="2066" status="PASS">
          <params>
            <param index="0">
              <value>
                <![CDATA[admin@yourstore.com]]>
              </value>
            </param>
            <param index="1">
              <value>
                <![CDATA[admin]]>
              </value>
            </param>
            <param index="2">
              <value>
                <![CDATA[valid]]>
              </value>
            </param>
          </params>
          <reporter-output>
          </reporter-output>
        </test-method> <!-- loginDataTest -->
        <test-method is-config="true" signature="tearDown()[pri:0, instance:com.demoLogin.qa.testcases.LoginPageTest@2f54a33d]" started-at="2021-05-22T13:16:43 IST" name="tearDown" finished-at="2021-05-22T13:16:44 IST" duration-ms="134" status="PASS">
          <reporter-output>
          </reporter-output>
        </test-method> <!-- tearDown -->
        <test-method is-config="true" signature="setup()[pri:0, instance:com.demoLogin.qa.testcases.LoginPageTest@2f54a33d]" started-at="2021-05-22T13:16:44 IST" name="setup" finished-at="2021-05-22T13:16:48 IST" duration-ms="4581" status="PASS">
          <reporter-output>
          </reporter-output>
        </test-method> <!-- setup -->
        <test-method signature="loginDataTest(java.lang.String, java.lang.String, java.lang.String)[pri:0, instance:com.demoLogin.qa.testcases.LoginPageTest@2f54a33d]" started-at="2021-05-22T13:16:48 IST" name="loginDataTest" data-provider="logodata" finished-at="2021-05-22T13:16:51 IST" duration-ms="2404" status="PASS">
          <params>
            <param index="0">
              <value>
                <![CDATA[ashokrm100@gmail.com]]>
              </value>
            </param>
            <param index="1">
              <value>
                <![CDATA[ASWIN]]>
              </value>
            </param>
            <param index="2">
              <value>
                <![CDATA[invalid]]>
              </value>
            </param>
          </params>
          <reporter-output>
          </reporter-output>
        </test-method> <!-- loginDataTest -->
        <test-method is-config="true" signature="tearDown()[pri:0, instance:com.demoLogin.qa.testcases.LoginPageTest@2f54a33d]" started-at="2021-05-22T13:16:51 IST" name="tearDown" finished-at="2021-05-22T13:16:51 IST" duration-ms="157" status="PASS">
          <reporter-output>
          </reporter-output>
        </test-method> <!-- tearDown -->
        <test-method is-config="true" signature="setup()[pri:0, instance:com.demoLogin.qa.testcases.LoginPageTest@2f54a33d]" started-at="2021-05-22T13:16:51 IST" name="setup" finished-at="2021-05-22T13:16:56 IST" duration-ms="5048" status="PASS">
          <reporter-output>
          </reporter-output>
        </test-method> <!-- setup -->
        <test-method signature="loginDataTest(java.lang.String, java.lang.String, java.lang.String)[pri:0, instance:com.demoLogin.qa.testcases.LoginPageTest@2f54a33d]" started-at="2021-05-22T13:16:56 IST" name="loginDataTest" data-provider="logodata" finished-at="2021-05-22T13:16:58 IST" duration-ms="2025" status="PASS">
          <params>
            <param index="0">
              <value>
                <![CDATA[annuu@gmail.com]]>
              </value>
            </param>
            <param index="1">
              <value>
                <![CDATA[YUVARAJ]]>
              </value>
            </param>
            <param index="2">
              <value>
                <![CDATA[invalid]]>
              </value>
            </param>
          </params>
          <reporter-output>
          </reporter-output>
        </test-method> <!-- loginDataTest -->
        <test-method is-config="true" signature="tearDown()[pri:0, instance:com.demoLogin.qa.testcases.LoginPageTest@2f54a33d]" started-at="2021-05-22T13:16:58 IST" name="tearDown" finished-at="2021-05-22T13:16:58 IST" duration-ms="125" status="PASS">
          <reporter-output>
          </reporter-output>
        </test-method> <!-- tearDown -->
        <test-method is-config="true" signature="setup()[pri:0, instance:com.demoLogin.qa.testcases.LoginPageTest@2f54a33d]" started-at="2021-05-22T13:16:58 IST" name="setup" finished-at="2021-05-22T13:17:02 IST" duration-ms="4246" status="PASS">
          <reporter-output>
          </reporter-output>
        </test-method> <!-- setup -->
        <test-method signature="loginDataTest(java.lang.String, java.lang.String, java.lang.String)[pri:0, instance:com.demoLogin.qa.testcases.LoginPageTest@2f54a33d]" started-at="2021-05-22T13:17:02 IST" name="loginDataTest" data-provider="logodata" finished-at="2021-05-22T13:17:03 IST" duration-ms="1139" status="PASS">
          <params>
            <param index="0">
              <value>
                <![CDATA[admin123@yourstore.com]]>
              </value>
            </param>
            <param index="1">
              <value>
                <![CDATA[password]]>
              </value>
            </param>
            <param index="2">
              <value>
                <![CDATA[invalid]]>
              </value>
            </param>
          </params>
          <reporter-output>
          </reporter-output>
        </test-method> <!-- loginDataTest -->
        <test-method is-config="true" signature="tearDown()[pri:0, instance:com.demoLogin.qa.testcases.LoginPageTest@2f54a33d]" started-at="2021-05-22T13:17:03 IST" name="tearDown" finished-at="2021-05-22T13:17:03 IST" duration-ms="158" status="PASS">
          <reporter-output>
          </reporter-output>
        </test-method> <!-- tearDown -->
      </class> <!-- com.demoLogin.qa.testcases.LoginPageTest -->
    </test> <!-- Test -->
  </suite> <!-- Suite -->
</testng-results>
