<?xml version="1.0" encoding="UTF-8"?>
<!-- Generated by org.testng.reporters.JUnitXMLReporter -->
<testsuite ignored="0" hostname="DESKTOP-7GCNJAG" failures="0" tests="15" name="Command line test" time="0.096" errors="0" timestamp="2021-05-09T19:07:38 IST">
  <testcase classname="maven.RahulTestNGDemo.AppiumDemoTest" name="api" time="0.002"/>
  <testcase classname="maven.RahulTestNGDemo.AppiumDemoTest" name="api" time="0.0"/>
  <testcase classname="maven.RahulTestNGDemo.AppiumDemoTest" name="api" time="0.0"/>
  <testcase classname="maven.RahulTestNGDemo.AppiumDemoTest" name="appium" time="0.001"/>
  <testcase classname="maven.RahulTestNGDemo.AppiumDemoTest" name="restApi" time="0.0"/>
  <testcase classname="maven.RahulTestNGDemo.CarPrintTest" name="ferrari" time="0.0"/>
  <testcase classname="maven.RahulTestNGDemo.CarPrintTest" name="jacquor" time="0.0"/>
  <testcase classname="maven.RahulTestNGDemo.CarPrintTest" name="lambergini" time="0.0"/>
  <testcase classname="maven.RahulTestNGDemo.JavaPrintTest" name="java" time="0.0"/>
  <testcase classname="maven.RahulTestNGDemo.JavaPrintTest" name="javaScript" time="0.0"/>
  <testcase classname="maven.RahulTestNGDemo.JavaPrintTest" name="parameter" time="0.008"/>
  <testcase classname="maven.RahulTestNGDemo.JavaPrintTest" name="python" time="0.0"/>
  <testcase classname="maven.RahulTestNGDemo.TestingMethodsTest" name="regressionTest" time="0.001"/>
  <testcase classname="maven.RahulTestNGDemo.TestingMethodsTest" name="smokeTest" time="0.0"/>
  <testcase classname="maven.RahulTestNGDemo.TestingMethodsTest" name="systemTest" time="0.001"/>
</testsuite> <!-- Command line test -->
