<?xml version="1.0" encoding="UTF-8"?>
<!-- Generated by org.testng.reporters.JUnitXMLReporter -->
<testsuite ignored="0" hostname="DESKTOP-7GCNJAG" failures="0" tests="3" name="Test" time="165.597" errors="0" timestamp="2021-05-11T16:15:40 IST">
  <testcase classname="Academy1.ValidateNavigationBar" name="checkNavigation" time="67.186"/>
  <testcase classname="Academy1.HomePage" name="click" time="45.9"/>
  <testcase classname="Academy1.HomePage" name="click" time="45.077"/>
</testsuite> <!-- Test -->
