<?xml version="1.0" encoding="UTF-8"?>
<testng-results ignored="0" total="1" passed="1" failed="0" skipped="0">
  <reporter-output>
  </reporter-output>
  <suite started-at="2021-09-02T19:41:32 IST" name="Default suite" finished-at="2021-09-02T19:41:55 IST" duration-ms="22692">
    <groups>
    </groups>
    <test started-at="2021-09-02T19:41:32 IST" name="Default test" finished-at="2021-09-02T19:41:55 IST" duration-ms="22692">
      <class name="com.CognizantInterview.NewTab">
        <test-method signature="openNewTab()[pri:0, instance:com.CognizantInterview.NewTab@7adda9cc]" started-at="2021-09-02T19:41:32 IST" name="openNewTab" finished-at="2021-09-02T19:41:55 IST" duration-ms="22621" status="PASS">
          <reporter-output>
          </reporter-output>
        </test-method> <!-- openNewTab -->
      </class> <!-- com.CognizantInterview.NewTab -->
    </test> <!-- Default test -->
  </suite> <!-- Default suite -->
</testng-results>
